<?xml version="1.0" encoding="UTF-8"?>
<testng-results ignored="0" total="2" passed="2" failed="0" skipped="0">
  <reporter-output>
  </reporter-output>
  <suite started-at="2023-06-24T12:11:46 IST" name="Default suite" finished-at="2023-06-24T12:11:54 IST" duration-ms="8086">
    <groups>
    </groups>
    <test started-at="2023-06-24T12:11:46 IST" name="Default test" finished-at="2023-06-24T12:11:54 IST" duration-ms="8086">
      <class name="TestingTrello.SimpleBooks">
        <test-method signature="Authenticate()[pri:0, instance:TestingTrello.SimpleBooks@74455848]" started-at="2023-06-24T12:11:47 IST" name="Authenticate" finished-at="2023-06-24T12:11:53 IST" duration-ms="6386" status="PASS">
          <reporter-output>
          </reporter-output>
        </test-method> <!-- Authenticate -->
        <test-method signature="createorder()[pri:0, instance:TestingTrello.SimpleBooks@74455848]" started-at="2023-06-24T12:11:53 IST" name="createorder" finished-at="2023-06-24T12:11:54 IST" duration-ms="1399" status="PASS">
          <reporter-output>
          </reporter-output>
        </test-method> <!-- createorder -->
      </class> <!-- TestingTrello.SimpleBooks -->
    </test> <!-- Default test -->
  </suite> <!-- Default suite -->
</testng-results>
